{"C:\\Users\\cociobanu\\Documents\\simple_store_front\\src\\store\\modules\\auth.js": {"path":"C:\\Users\\cociobanu\\Documents\\simple_store_front\\src\\store\\modules\\auth.js","statementMap":{"0":{"start":{"line":8,"column":36},"end":{"line":8,"column":54}},"1":{"start":{"line":9,"column":32},"end":{"line":9,"column":46}},"2":{"start":{"line":13,"column":12},"end":{"line":13,"column":53}},"3":{"start":{"line":14,"column":12},"end":{"line":14,"column":53}},"4":{"start":{"line":17,"column":12},"end":{"line":17,"column":49}},"5":{"start":{"line":18,"column":12},"end":{"line":18,"column":54}},"6":{"start":{"line":23,"column":12},"end":{"line":23,"column":41}},"7":{"start":{"line":26,"column":12},"end":{"line":26,"column":37}}},"fnMap":{"0":{"name":"(anonymous_0)","decl":{"start":{"line":8,"column":25},"end":{"line":8,"column":26}},"loc":{"start":{"line":8,"column":36},"end":{"line":8,"column":54}},"line":8},"1":{"name":"(anonymous_1)","decl":{"start":{"line":9,"column":21},"end":{"line":9,"column":22}},"loc":{"start":{"line":9,"column":32},"end":{"line":9,"column":46}},"line":9},"2":{"name":"(anonymous_2)","decl":{"start":{"line":12,"column":8},"end":{"line":12,"column":9}},"loc":{"start":{"line":12,"column":33},"end":{"line":15,"column":9}},"line":12},"3":{"name":"(anonymous_3)","decl":{"start":{"line":16,"column":8},"end":{"line":16,"column":9}},"loc":{"start":{"line":16,"column":22},"end":{"line":19,"column":9}},"line":16},"4":{"name":"(anonymous_4)","decl":{"start":{"line":22,"column":8},"end":{"line":22,"column":9}},"loc":{"start":{"line":22,"column":43},"end":{"line":24,"column":9}},"line":22},"5":{"name":"(anonymous_5)","decl":{"start":{"line":25,"column":8},"end":{"line":25,"column":9}},"loc":{"start":{"line":25,"column":39},"end":{"line":27,"column":9}},"line":25}},"branchMap":{},"s":{"0":3,"1":3,"2":1,"3":1,"4":1,"5":1,"6":2,"7":2},"f":{"0":3,"1":3,"2":1,"3":1,"4":2,"5":2},"b":{},"_coverageSchema":"43e27e138ebf9cfc5966b082cf9a028302ed4184","hash":"9659d8bfe4cb0a1ee81a803b6e6b8513c7215129"}
,"C:\\Users\\cociobanu\\Documents\\simple_store_front\\src\\store\\modules\\categories.js": {"path":"C:\\Users\\cociobanu\\Documents\\simple_store_front\\src\\store\\modules\\categories.js","statementMap":{"0":{"start":{"line":3,"column":21},"end":{"line":6,"column":1}},"1":{"start":{"line":11,"column":28},"end":{"line":11,"column":38}},"2":{"start":{"line":12,"column":33},"end":{"line":12,"column":48}},"3":{"start":{"line":16,"column":12},"end":{"line":16,"column":42}},"4":{"start":{"line":17,"column":27},"end":{"line":17,"column":50}},"5":{"start":{"line":18,"column":12},"end":{"line":18,"column":52}},"6":{"start":{"line":19,"column":12},"end":{"line":19,"column":43}},"7":{"start":{"line":24,"column":12},"end":{"line":24,"column":33}},"8":{"start":{"line":27,"column":12},"end":{"line":27,"column":38}}},"fnMap":{"0":{"name":"(anonymous_0)","decl":{"start":{"line":11,"column":17},"end":{"line":11,"column":18}},"loc":{"start":{"line":11,"column":28},"end":{"line":11,"column":38}},"line":11},"1":{"name":"(anonymous_1)","decl":{"start":{"line":12,"column":22},"end":{"line":12,"column":23}},"loc":{"start":{"line":12,"column":33},"end":{"line":12,"column":48}},"line":12},"2":{"name":"(anonymous_2)","decl":{"start":{"line":15,"column":8},"end":{"line":15,"column":9}},"loc":{"start":{"line":15,"column":40},"end":{"line":20,"column":9}},"line":15},"3":{"name":"(anonymous_3)","decl":{"start":{"line":23,"column":8},"end":{"line":23,"column":9}},"loc":{"start":{"line":23,"column":35},"end":{"line":25,"column":9}},"line":23},"4":{"name":"(anonymous_4)","decl":{"start":{"line":26,"column":8},"end":{"line":26,"column":9}},"loc":{"start":{"line":26,"column":38},"end":{"line":28,"column":9}},"line":26}},"branchMap":{},"s":{"0":1,"1":2,"2":3,"3":1,"4":1,"5":1,"6":1,"7":1,"8":3},"f":{"0":2,"1":3,"2":1,"3":1,"4":3},"b":{},"_coverageSchema":"43e27e138ebf9cfc5966b082cf9a028302ed4184","hash":"308ada6f1e5394c678a1a1cc6bceb0d7d1a2c514"}
,"C:\\Users\\cociobanu\\Documents\\simple_store_front\\src\\store\\modules\\item.js": {"path":"C:\\Users\\cociobanu\\Documents\\simple_store_front\\src\\store\\modules\\item.js","statementMap":{"0":{"start":{"line":3,"column":21},"end":{"line":6,"column":1}},"1":{"start":{"line":11,"column":29},"end":{"line":11,"column":33}},"2":{"start":{"line":12,"column":33},"end":{"line":12,"column":48}},"3":{"start":{"line":16,"column":12},"end":{"line":16,"column":50}},"4":{"start":{"line":17,"column":27},"end":{"line":17,"column":60}},"5":{"start":{"line":18,"column":12},"end":{"line":18,"column":62}},"6":{"start":{"line":19,"column":12},"end":{"line":19,"column":51}},"7":{"start":{"line":24,"column":12},"end":{"line":24,"column":33}},"8":{"start":{"line":27,"column":12},"end":{"line":27,"column":38}}},"fnMap":{"0":{"name":"(anonymous_0)","decl":{"start":{"line":11,"column":17},"end":{"line":11,"column":18}},"loc":{"start":{"line":11,"column":29},"end":{"line":11,"column":33}},"line":11},"1":{"name":"(anonymous_1)","decl":{"start":{"line":12,"column":22},"end":{"line":12,"column":23}},"loc":{"start":{"line":12,"column":33},"end":{"line":12,"column":48}},"line":12},"2":{"name":"(anonymous_2)","decl":{"start":{"line":15,"column":8},"end":{"line":15,"column":9}},"loc":{"start":{"line":15,"column":39},"end":{"line":20,"column":9}},"line":15},"3":{"name":"(anonymous_3)","decl":{"start":{"line":23,"column":8},"end":{"line":23,"column":9}},"loc":{"start":{"line":23,"column":39},"end":{"line":25,"column":9}},"line":23},"4":{"name":"(anonymous_4)","decl":{"start":{"line":26,"column":8},"end":{"line":26,"column":9}},"loc":{"start":{"line":26,"column":40},"end":{"line":28,"column":9}},"line":26}},"branchMap":{},"s":{"0":1,"1":2,"2":3,"3":1,"4":1,"5":1,"6":1,"7":1,"8":3},"f":{"0":2,"1":3,"2":1,"3":1,"4":3},"b":{},"_coverageSchema":"43e27e138ebf9cfc5966b082cf9a028302ed4184","hash":"1957128cb059fcac7926d3ae105be746b4450584"}
,"C:\\Users\\cociobanu\\Documents\\simple_store_front\\src\\store\\modules\\productHistory.js": {"path":"C:\\Users\\cociobanu\\Documents\\simple_store_front\\src\\store\\modules\\productHistory.js","statementMap":{"0":{"start":{"line":1,"column":21},"end":{"line":3,"column":1}},"1":{"start":{"line":8,"column":28},"end":{"line":8,"column":39}},"2":{"start":{"line":15,"column":12},"end":{"line":23,"column":13}},"3":{"start":{"line":16,"column":30},"end":{"line":16,"column":40}},"4":{"start":{"line":17,"column":34},"end":{"line":17,"column":109}},"5":{"start":{"line":18,"column":32},"end":{"line":18,"column":67}},"6":{"start":{"line":19,"column":16},"end":{"line":21,"column":17}},"7":{"start":{"line":20,"column":20},"end":{"line":20,"column":42}},"8":{"start":{"line":22,"column":16},"end":{"line":22,"column":60}}},"fnMap":{"0":{"name":"(anonymous_0)","decl":{"start":{"line":8,"column":17},"end":{"line":8,"column":18}},"loc":{"start":{"line":8,"column":28},"end":{"line":8,"column":39}},"line":8},"1":{"name":"(anonymous_1)","decl":{"start":{"line":14,"column":8},"end":{"line":14,"column":9}},"loc":{"start":{"line":14,"column":36},"end":{"line":24,"column":9}},"line":14}},"branchMap":{"0":{"loc":{"start":{"line":18,"column":32},"end":{"line":18,"column":67}},"type":"binary-expr","locations":[{"start":{"line":18,"column":32},"end":{"line":18,"column":61}},{"start":{"line":18,"column":65},"end":{"line":18,"column":67}}],"line":18},"1":{"loc":{"start":{"line":19,"column":16},"end":{"line":21,"column":17}},"type":"if","locations":[{"start":{"line":19,"column":16},"end":{"line":21,"column":17}},{"start":{"line":19,"column":16},"end":{"line":21,"column":17}}],"line":19}},"s":{"0":1,"1":1,"2":3,"3":3,"4":3,"5":3,"6":3,"7":2,"8":3},"f":{"0":1,"1":3},"b":{"0":[3,1],"1":[2,1]},"_coverageSchema":"43e27e138ebf9cfc5966b082cf9a028302ed4184","hash":"b683510e31a6073c07bb435d8a31081c650e77aa"}
,"C:\\Users\\cociobanu\\Documents\\simple_store_front\\src\\store\\modules\\products.js": {"path":"C:\\Users\\cociobanu\\Documents\\simple_store_front\\src\\store\\modules\\products.js","statementMap":{"0":{"start":{"line":3,"column":21},"end":{"line":8,"column":1}},"1":{"start":{"line":13,"column":27},"end":{"line":13,"column":37}},"2":{"start":{"line":14,"column":33},"end":{"line":14,"column":48}},"3":{"start":{"line":15,"column":41},"end":{"line":15,"column":59}},"4":{"start":{"line":16,"column":39},"end":{"line":16,"column":60}},"5":{"start":{"line":20,"column":12},"end":{"line":20,"column":50}},"6":{"start":{"line":21,"column":30},"end":{"line":21,"column":60}},"7":{"start":{"line":22,"column":27},"end":{"line":22,"column":70}},"8":{"start":{"line":23,"column":25},"end":{"line":23,"column":52}},"9":{"start":{"line":24,"column":12},"end":{"line":24,"column":39}},"10":{"start":{"line":25,"column":12},"end":{"line":25,"column":78}},"11":{"start":{"line":26,"column":12},"end":{"line":30,"column":13}},"12":{"start":{"line":27,"column":16},"end":{"line":27,"column":54}},"13":{"start":{"line":29,"column":16},"end":{"line":29,"column":51}},"14":{"start":{"line":31,"column":12},"end":{"line":31,"column":51}},"15":{"start":{"line":34,"column":12},"end":{"line":34,"column":56}},"16":{"start":{"line":35,"column":25},"end":{"line":35,"column":56}},"17":{"start":{"line":36,"column":12},"end":{"line":36,"column":77}},"18":{"start":{"line":37,"column":12},"end":{"line":37,"column":57}},"19":{"start":{"line":43,"column":12},"end":{"line":43,"column":32}},"20":{"start":{"line":46,"column":12},"end":{"line":46,"column":38}},"21":{"start":{"line":49,"column":12},"end":{"line":49,"column":52}},"22":{"start":{"line":52,"column":12},"end":{"line":52,"column":44}},"23":{"start":{"line":55,"column":12},"end":{"line":55,"column":35}}},"fnMap":{"0":{"name":"(anonymous_0)","decl":{"start":{"line":13,"column":17},"end":{"line":13,"column":18}},"loc":{"start":{"line":13,"column":27},"end":{"line":13,"column":37}},"line":13},"1":{"name":"(anonymous_1)","decl":{"start":{"line":14,"column":22},"end":{"line":14,"column":23}},"loc":{"start":{"line":14,"column":33},"end":{"line":14,"column":48}},"line":14},"2":{"name":"(anonymous_2)","decl":{"start":{"line":15,"column":30},"end":{"line":15,"column":31}},"loc":{"start":{"line":15,"column":41},"end":{"line":15,"column":59}},"line":15},"3":{"name":"(anonymous_3)","decl":{"start":{"line":16,"column":28},"end":{"line":16,"column":29}},"loc":{"start":{"line":16,"column":39},"end":{"line":16,"column":60}},"line":16},"4":{"name":"(anonymous_4)","decl":{"start":{"line":19,"column":8},"end":{"line":19,"column":9}},"loc":{"start":{"line":19,"column":48},"end":{"line":32,"column":9}},"line":19},"5":{"name":"(anonymous_5)","decl":{"start":{"line":33,"column":8},"end":{"line":33,"column":9}},"loc":{"start":{"line":33,"column":45},"end":{"line":38,"column":9}},"line":33},"6":{"name":"(anonymous_6)","decl":{"start":{"line":42,"column":8},"end":{"line":42,"column":9}},"loc":{"start":{"line":42,"column":35},"end":{"line":44,"column":9}},"line":42},"7":{"name":"(anonymous_7)","decl":{"start":{"line":45,"column":8},"end":{"line":45,"column":9}},"loc":{"start":{"line":45,"column":40},"end":{"line":47,"column":9}},"line":45},"8":{"name":"(anonymous_8)","decl":{"start":{"line":48,"column":8},"end":{"line":48,"column":9}},"loc":{"start":{"line":48,"column":38},"end":{"line":50,"column":9}},"line":48},"9":{"name":"(anonymous_9)","decl":{"start":{"line":51,"column":8},"end":{"line":51,"column":9}},"loc":{"start":{"line":51,"column":46},"end":{"line":53,"column":9}},"line":51},"10":{"name":"(anonymous_10)","decl":{"start":{"line":54,"column":8},"end":{"line":54,"column":9}},"loc":{"start":{"line":54,"column":41},"end":{"line":56,"column":9}},"line":54}},"branchMap":{"0":{"loc":{"start":{"line":15,"column":41},"end":{"line":15,"column":59}},"type":"binary-expr","locations":[{"start":{"line":15,"column":41},"end":{"line":15,"column":53}},{"start":{"line":15,"column":57},"end":{"line":15,"column":59}}],"line":15},"1":{"loc":{"start":{"line":21,"column":30},"end":{"line":21,"column":60}},"type":"cond-expr","locations":[{"start":{"line":21,"column":51},"end":{"line":21,"column":54}},{"start":{"line":21,"column":57},"end":{"line":21,"column":60}}],"line":21},"2":{"loc":{"start":{"line":26,"column":12},"end":{"line":30,"column":13}},"type":"if","locations":[{"start":{"line":26,"column":12},"end":{"line":30,"column":13}},{"start":{"line":26,"column":12},"end":{"line":30,"column":13}}],"line":26}},"s":{"0":1,"1":3,"2":3,"3":3,"4":3,"5":2,"6":2,"7":2,"8":2,"9":2,"10":2,"11":2,"12":1,"13":1,"14":2,"15":1,"16":1,"17":1,"18":1,"19":2,"20":5,"21":1,"22":3,"23":2},"f":{"0":3,"1":3,"2":3,"3":3,"4":2,"5":1,"6":2,"7":5,"8":1,"9":3,"10":2},"b":{"0":[3,1],"1":[1,1],"2":[1,1]},"_coverageSchema":"43e27e138ebf9cfc5966b082cf9a028302ed4184","hash":"de36a263f8d8a7fbc8cf12d50350a21f74066939"}
,"C:\\Users\\cociobanu\\Documents\\simple_store_front\\src\\store\\modules\\settings.js": {"path":"C:\\Users\\cociobanu\\Documents\\simple_store_front\\src\\store\\modules\\settings.js","statementMap":{"0":{"start":{"line":9,"column":41},"end":{"line":9,"column":64}},"1":{"start":{"line":16,"column":12},"end":{"line":16,"column":46}},"2":{"start":{"line":17,"column":12},"end":{"line":17,"column":40}}},"fnMap":{"0":{"name":"(anonymous_0)","decl":{"start":{"line":9,"column":30},"end":{"line":9,"column":31}},"loc":{"start":{"line":9,"column":41},"end":{"line":9,"column":64}},"line":9},"1":{"name":"(anonymous_1)","decl":{"start":{"line":15,"column":8},"end":{"line":15,"column":9}},"loc":{"start":{"line":15,"column":48},"end":{"line":18,"column":9}},"line":15}},"branchMap":{},"s":{"0":2,"1":1,"2":1},"f":{"0":2,"1":1},"b":{},"_coverageSchema":"43e27e138ebf9cfc5966b082cf9a028302ed4184","hash":"55843e9f59c38cfb477e463da88f98bad0419199"}
}
