TN:
SF:C:\Users\cociobanu\Documents\simple_store_front\src\store\modules\auth.js
FN:8,(anonymous_0)
FN:9,(anonymous_1)
FN:12,(anonymous_2)
FN:16,(anonymous_3)
FN:22,(anonymous_4)
FN:25,(anonymous_5)
FNF:6
FNH:6
FNDA:3,(anonymous_0)
FNDA:3,(anonymous_1)
FNDA:1,(anonymous_2)
FNDA:1,(anonymous_3)
FNDA:2,(anonymous_4)
FNDA:2,(anonymous_5)
DA:8,3
DA:9,3
DA:13,1
DA:14,1
DA:17,1
DA:18,1
DA:23,2
DA:26,2
LF:8
LH:8
BRF:0
BRH:0
end_of_record
TN:
SF:C:\Users\cociobanu\Documents\simple_store_front\src\store\modules\categories.js
FN:11,(anonymous_0)
FN:12,(anonymous_1)
FN:15,(anonymous_2)
FN:23,(anonymous_3)
FN:26,(anonymous_4)
FNF:5
FNH:5
FNDA:2,(anonymous_0)
FNDA:3,(anonymous_1)
FNDA:1,(anonymous_2)
FNDA:1,(anonymous_3)
FNDA:3,(anonymous_4)
DA:3,1
DA:11,2
DA:12,3
DA:16,1
DA:17,1
DA:18,1
DA:19,1
DA:24,1
DA:27,3
LF:9
LH:9
BRF:0
BRH:0
end_of_record
TN:
SF:C:\Users\cociobanu\Documents\simple_store_front\src\store\modules\item.js
FN:11,(anonymous_0)
FN:12,(anonymous_1)
FN:15,(anonymous_2)
FN:23,(anonymous_3)
FN:26,(anonymous_4)
FNF:5
FNH:5
FNDA:2,(anonymous_0)
FNDA:3,(anonymous_1)
FNDA:1,(anonymous_2)
FNDA:1,(anonymous_3)
FNDA:3,(anonymous_4)
DA:3,1
DA:11,2
DA:12,3
DA:16,1
DA:17,1
DA:18,1
DA:19,1
DA:24,1
DA:27,3
LF:9
LH:9
BRF:0
BRH:0
end_of_record
TN:
SF:C:\Users\cociobanu\Documents\simple_store_front\src\store\modules\productHistory.js
FN:8,(anonymous_0)
FN:8,(anonymous_1)
FN:14,(anonymous_2)
FNF:3
FNH:3
FNDA:1,(anonymous_0)
FNDA:3,(anonymous_1)
FNDA:3,(anonymous_2)
DA:1,1
DA:8,3
DA:15,3
DA:16,3
DA:17,3
DA:18,3
DA:19,3
DA:20,2
DA:22,3
LF:9
LH:9
BRDA:18,0,0,3
BRDA:18,0,1,1
BRDA:19,1,0,2
BRDA:19,1,1,1
BRF:4
BRH:4
end_of_record
TN:
SF:C:\Users\cociobanu\Documents\simple_store_front\src\store\modules\products.js
FN:13,(anonymous_0)
FN:14,(anonymous_1)
FN:15,(anonymous_2)
FN:16,(anonymous_3)
FN:19,(anonymous_4)
FN:33,(anonymous_5)
FN:42,(anonymous_6)
FN:45,(anonymous_7)
FN:48,(anonymous_8)
FN:51,(anonymous_9)
FN:54,(anonymous_10)
FNF:11
FNH:11
FNDA:3,(anonymous_0)
FNDA:3,(anonymous_1)
FNDA:3,(anonymous_2)
FNDA:3,(anonymous_3)
FNDA:2,(anonymous_4)
FNDA:1,(anonymous_5)
FNDA:2,(anonymous_6)
FNDA:5,(anonymous_7)
FNDA:1,(anonymous_8)
FNDA:3,(anonymous_9)
FNDA:2,(anonymous_10)
DA:3,1
DA:13,3
DA:14,3
DA:15,3
DA:16,3
DA:20,2
DA:21,2
DA:22,2
DA:23,2
DA:24,2
DA:25,2
DA:26,2
DA:27,1
DA:29,1
DA:31,2
DA:34,1
DA:35,1
DA:36,1
DA:37,1
DA:43,2
DA:46,5
DA:49,1
DA:52,3
DA:55,2
LF:24
LH:24
BRDA:15,0,0,3
BRDA:15,0,1,1
BRDA:21,1,0,1
BRDA:21,1,1,1
BRDA:26,2,0,1
BRDA:26,2,1,1
BRF:6
BRH:6
end_of_record
TN:
SF:C:\Users\cociobanu\Documents\simple_store_front\src\store\modules\settings.js
FN:9,(anonymous_0)
FN:15,(anonymous_1)
FNF:2
FNH:2
FNDA:2,(anonymous_0)
FNDA:1,(anonymous_1)
DA:9,2
DA:16,1
DA:17,1
LF:3
LH:3
BRF:0
BRH:0
end_of_record
